2018-09-10 22:24:50.6844 INFO Hello World
2018-09-10 22:24:54.8213 INFO System.IO.IOException: The process cannot access the file 'C:\Users\User\Desktop\.Net DB Homework\playground\movieDataFileHwSk\movieDataFileHwSk\bin\Debug\movies.csv' because it is being used by another process.
   at System.IO.__Error.WinIOError(Int32 errorCode, String maybeFullPath)
   at System.IO.FileStream.Init(String path, FileMode mode, FileAccess access, Int32 rights, Boolean useRights, FileShare share, Int32 bufferSize, FileOptions options, SECURITY_ATTRIBUTES secAttrs, String msgPath, Boolean bFromProxy, Boolean useLongPath, Boolean checkHost)
   at System.IO.FileStream..ctor(String path, FileMode mode, FileAccess access, FileShare share, Int32 bufferSize, FileOptions options, String msgPath, Boolean bFromProxy, Boolean useLongPath, Boolean checkHost)
   at System.IO.StreamReader..ctor(String path, Encoding encoding, Boolean detectEncodingFromByteOrderMarks, Int32 bufferSize, Boolean checkHost)
   at System.IO.StreamReader..ctor(String path)
   at movieDataFileHwSk.Program.Main(String[] args) in C:\Users\User\Desktop\.Net DB Homework\playground\movieDataFileHwSk\movieDataFileHwSk\Program.cs:line 145
2018-09-10 22:26:49.3665 INFO Hello World
2018-09-10 22:26:56.0060 INFO System.FormatException: Input string was not in a correct format.
   at System.Number.StringToNumber(String str, NumberStyles options, NumberBuffer& number, NumberFormatInfo info, Boolean parseDecimal)
   at System.Number.ParseInt32(String s, NumberStyles style, NumberFormatInfo info)
   at System.Convert.ToInt32(String value)
   at movieDataFileHwSk.Program.Main(String[] args) in C:\Users\User\Desktop\.Net DB Homework\playground\movieDataFileHwSk\movieDataFileHwSk\Program.cs:line 165
2018-09-10 22:29:21.7413 INFO Hello World
2018-09-10 22:29:25.8445 INFO System.FormatException: Input string was not in a correct format.
   at System.Number.StringToNumber(String str, NumberStyles options, NumberBuffer& number, NumberFormatInfo info, Boolean parseDecimal)
   at System.Number.ParseInt32(String s, NumberStyles style, NumberFormatInfo info)
   at System.Convert.ToInt32(String value)
   at movieDataFileHwSk.Program.Main(String[] args) in C:\Users\User\Desktop\.Net DB Homework\playground\movieDataFileHwSk\movieDataFileHwSk\Program.cs:line 166
